0 info it worked if it ends with ok
1 verbose cli [ '/Users/efftinge/.nvm/versions/node/v6.9.1/bin/node',
1 verbose cli   '/Users/efftinge/.nvm/versions/node/v6.9.1/bin/npm',
1 verbose cli   'run',
1 verbose cli   'build:all' ]
2 info using npm@3.10.8
3 info using node@v6.9.1
4 verbose run-script [ 'prebuild:all', 'build:all', 'postbuild:all' ]
5 info lifecycle sadl-client@0.0.1~prebuild:all: sadl-client@0.0.1
6 silly lifecycle sadl-client@0.0.1~prebuild:all: no script for prebuild:all, continuing
7 info lifecycle sadl-client@0.0.1~build:all: sadl-client@0.0.1
8 verbose lifecycle sadl-client@0.0.1~build:all: unsafe-perm in lifecycle true
9 verbose lifecycle sadl-client@0.0.1~build:all: PATH: /Users/efftinge/.nvm/versions/node/v6.9.1/lib/node_modules/npm/bin/node-gyp-bin:/Users/efftinge/Documents/Eclipse/sadl3-master2/git/sadl-client/sadl-client-parent/sadl-client/node_modules/.bin:/Users/efftinge/.nvm/versions/node/v6.9.1/bin://anaconda/bin:/opt/local/bin:/opt/local/sbin:/usr/bin:/bin:/usr/sbin:/sbin:/usr/local/bin:/usr/local/MacGPG2/bin:/usr/local/bin:/Users/efftinge/gradle/bin:/Users/efftinge/apache-maven-3.3.9/bin
10 verbose lifecycle sadl-client@0.0.1~build:all: CWD: /Users/efftinge/Documents/Eclipse/sadl3-master2/git/sadl-client/sadl-client-parent/sadl-client
11 silly lifecycle sadl-client@0.0.1~build:all: Args: [ '-c', 'npm run build:src && npm run build:serverextension' ]
12 silly lifecycle sadl-client@0.0.1~build:all: Returned: code: 1  signal: null
13 info lifecycle sadl-client@0.0.1~build:all: Failed to exec build:all script
14 verbose stack Error: sadl-client@0.0.1 build:all: `npm run build:src && npm run build:serverextension`
14 verbose stack Exit status 1
14 verbose stack     at EventEmitter.<anonymous> (/Users/efftinge/.nvm/versions/node/v6.9.1/lib/node_modules/npm/lib/utils/lifecycle.js:255:16)
14 verbose stack     at emitTwo (events.js:106:13)
14 verbose stack     at EventEmitter.emit (events.js:191:7)
14 verbose stack     at ChildProcess.<anonymous> (/Users/efftinge/.nvm/versions/node/v6.9.1/lib/node_modules/npm/lib/utils/spawn.js:40:14)
14 verbose stack     at emitTwo (events.js:106:13)
14 verbose stack     at ChildProcess.emit (events.js:191:7)
14 verbose stack     at maybeClose (internal/child_process.js:877:16)
14 verbose stack     at Process.ChildProcess._handle.onexit (internal/child_process.js:226:5)
15 verbose pkgid sadl-client@0.0.1
16 verbose cwd /Users/efftinge/Documents/Eclipse/sadl3-master2/git/sadl-client/sadl-client-parent/sadl-client
17 error Darwin 15.3.0
18 error argv "/Users/efftinge/.nvm/versions/node/v6.9.1/bin/node" "/Users/efftinge/.nvm/versions/node/v6.9.1/bin/npm" "run" "build:all"
19 error node v6.9.1
20 error npm  v3.10.8
21 error code ELIFECYCLE
22 error sadl-client@0.0.1 build:all: `npm run build:src && npm run build:serverextension`
22 error Exit status 1
23 error Failed at the sadl-client@0.0.1 build:all script 'npm run build:src && npm run build:serverextension'.
23 error Make sure you have the latest version of node.js and npm installed.
23 error If you do, this is most likely a problem with the sadl-client package,
23 error not with npm itself.
23 error Tell the author that this fails on your system:
23 error     npm run build:src && npm run build:serverextension
23 error You can get information on how to open an issue for this project with:
23 error     npm bugs sadl-client
23 error Or if that isn't available, you can get their info via:
23 error     npm owner ls sadl-client
23 error There is likely additional logging output above.
24 verbose exit [ 1, true ]
