0 info it worked if it ends with ok
1 verbose cli [ '/Users/efftinge/.nvm/versions/node/v6.9.1/bin/node',
1 verbose cli   '/Users/efftinge/.nvm/versions/node/v6.9.1/bin/npm',
1 verbose cli   'run',
1 verbose cli   'build' ]
2 info using npm@3.10.8
3 info using node@v6.9.1
4 verbose run-script [ 'prebuild', 'build', 'postbuild' ]
5 info lifecycle sadl_web@0.0.1~prebuild: sadl_web@0.0.1
6 silly lifecycle sadl_web@0.0.1~prebuild: no script for prebuild, continuing
7 info lifecycle sadl_web@0.0.1~build: sadl_web@0.0.1
8 verbose lifecycle sadl_web@0.0.1~build: unsafe-perm in lifecycle true
9 verbose lifecycle sadl_web@0.0.1~build: PATH: /Users/efftinge/.nvm/versions/node/v6.9.1/lib/node_modules/npm/bin/node-gyp-bin:/Users/efftinge/Documents/Eclipse/sadl3-master2/git/sadl-client/sadl-client-parent/sadl-client/sadl_web/node_modules/.bin:/Users/efftinge/.nvm/versions/node/v6.9.1/lib/node_modules/npm/bin/node-gyp-bin:/Users/efftinge/Documents/Eclipse/sadl3-master2/git/sadl-client/sadl-client-parent/sadl-client/node_modules/.bin:/Users/efftinge/.nvm/versions/node/v6.9.1/lib/node_modules/npm/bin/node-gyp-bin:/Users/efftinge/Documents/Eclipse/sadl3-master2/git/sadl-client/sadl-client-parent/sadl-client/node_modules/.bin:/Users/efftinge/.nvm/versions/node/v6.9.1/bin://anaconda/bin:/opt/local/bin:/opt/local/sbin:/usr/bin:/bin:/usr/sbin:/sbin:/usr/local/bin:/usr/local/MacGPG2/bin:/usr/local/bin:/Users/efftinge/gradle/bin:/Users/efftinge/apache-maven-3.3.9/bin
10 verbose lifecycle sadl_web@0.0.1~build: CWD: /Users/efftinge/Documents/Eclipse/sadl3-master2/git/sadl-client/sadl-client-parent/sadl-client/sadl_web
11 silly lifecycle sadl_web@0.0.1~build: Args: [ '-c', 'npm run update && npm run build:extension' ]
12 silly lifecycle sadl_web@0.0.1~build: Returned: code: 1  signal: null
13 info lifecycle sadl_web@0.0.1~build: Failed to exec build script
14 verbose stack Error: sadl_web@0.0.1 build: `npm run update && npm run build:extension`
14 verbose stack Exit status 1
14 verbose stack     at EventEmitter.<anonymous> (/Users/efftinge/.nvm/versions/node/v6.9.1/lib/node_modules/npm/lib/utils/lifecycle.js:255:16)
14 verbose stack     at emitTwo (events.js:106:13)
14 verbose stack     at EventEmitter.emit (events.js:191:7)
14 verbose stack     at ChildProcess.<anonymous> (/Users/efftinge/.nvm/versions/node/v6.9.1/lib/node_modules/npm/lib/utils/spawn.js:40:14)
14 verbose stack     at emitTwo (events.js:106:13)
14 verbose stack     at ChildProcess.emit (events.js:191:7)
14 verbose stack     at maybeClose (internal/child_process.js:877:16)
14 verbose stack     at Process.ChildProcess._handle.onexit (internal/child_process.js:226:5)
15 verbose pkgid sadl_web@0.0.1
16 verbose cwd /Users/efftinge/Documents/Eclipse/sadl3-master2/git/sadl-client/sadl-client-parent/sadl-client/sadl_web
17 error Darwin 15.3.0
18 error argv "/Users/efftinge/.nvm/versions/node/v6.9.1/bin/node" "/Users/efftinge/.nvm/versions/node/v6.9.1/bin/npm" "run" "build"
19 error node v6.9.1
20 error npm  v3.10.8
21 error code ELIFECYCLE
22 error sadl_web@0.0.1 build: `npm run update && npm run build:extension`
22 error Exit status 1
23 error Failed at the sadl_web@0.0.1 build script 'npm run update && npm run build:extension'.
23 error Make sure you have the latest version of node.js and npm installed.
23 error If you do, this is most likely a problem with the sadl_web package,
23 error not with npm itself.
23 error Tell the author that this fails on your system:
23 error     npm run update && npm run build:extension
23 error You can get information on how to open an issue for this project with:
23 error     npm bugs sadl_web
23 error Or if that isn't available, you can get their info via:
23 error     npm owner ls sadl_web
23 error There is likely additional logging output above.
24 verbose exit [ 1, true ]
